2019-09-09 18:16:30,023 INFO <module> :Start solver w/o CV
2019-09-09 18:16:30,622 INFO mfista_func_healpix :l1:-3.00, ltsv:-5.00, Current iteration: 0/1000,  L: 3.452271, cost: 58.747883, cost_chiquare:30.965319, cost_l1:0.569341, cost_ltsv:0.000204
2019-09-09 18:16:35,346 INFO mfista_func_healpix :l1:-3.00, ltsv:-5.00, Current iteration: 50/1000,  L: 2.143589, cost: 0.132765, cost_chiquare:0.040283, cost_l1:0.092482, cost_ltsv:0.000022
2019-09-09 18:16:40,203 INFO mfista_func_healpix :l1:-3.00, ltsv:-5.00, Current iteration: 100/1000,  L: 2.357948, cost: 0.131212, cost_chiquare:0.040930, cost_l1:0.090291, cost_ltsv:0.000015
2019-09-09 18:16:44,970 INFO mfista_func_healpix :l1:-3.00, ltsv:-5.00, Current iteration: 150/1000,  L: 2.357948, cost: 0.130879, cost_chiquare:0.042307, cost_l1:0.088573, cost_ltsv:0.000016
2019-09-09 18:16:49,918 INFO mfista_func_healpix :l1:-3.00, ltsv:-5.00, Current iteration: 200/1000,  L: 2.853117, cost: 0.130731, cost_chiquare:0.041099, cost_l1:0.089631, cost_ltsv:0.000019
2019-09-09 18:16:54,530 INFO mfista_func_healpix :l1:-3.00, ltsv:-5.00, Current iteration: 250/1000,  L: 2.143589, cost: 0.130684, cost_chiquare:0.041429, cost_l1:0.089238, cost_ltsv:0.000022
2019-09-09 18:16:59,131 INFO mfista_func_healpix :l1:-3.00, ltsv:-5.00, Current iteration: 300/1000,  L: 1.771561, cost: 0.130668, cost_chiquare:0.041344, cost_l1:0.089301, cost_ltsv:0.000024
2019-09-09 18:17:03,801 INFO mfista_func_healpix :l1:-3.00, ltsv:-5.00, Current iteration: 350/1000,  L: 1.948717, cost: 0.130655, cost_chiquare:0.041425, cost_l1:0.089203, cost_ltsv:0.000027
2019-09-09 18:17:08,446 INFO mfista_func_healpix :l1:-3.00, ltsv:-5.00, Current iteration: 400/1000,  L: 2.143589, cost: 0.130644, cost_chiquare:0.041376, cost_l1:0.089238, cost_ltsv:0.000030
2019-09-09 18:17:13,089 INFO mfista_func_healpix :l1:-3.00, ltsv:-5.00, Current iteration: 450/1000,  L: 2.143589, cost: 0.130633, cost_chiquare:0.041421, cost_l1:0.089179, cost_ltsv:0.000034
2019-09-09 18:17:17,775 INFO mfista_func_healpix :l1:-3.00, ltsv:-5.00, Current iteration: 500/1000,  L: 2.593742, cost: 0.130626, cost_chiquare:0.041400, cost_l1:0.089188, cost_ltsv:0.000038
2019-09-09 18:17:22,287 INFO mfista_func_healpix :l1:-3.00, ltsv:-5.00, Current iteration: 550/1000,  L: 1.771561, cost: 0.130621, cost_chiquare:0.041425, cost_l1:0.089153, cost_ltsv:0.000043
2019-09-09 18:17:26,890 INFO mfista_func_healpix :l1:-3.00, ltsv:-5.00, Current iteration: 600/1000,  L: 1.464100, cost: 0.130616, cost_chiquare:0.041409, cost_l1:0.089158, cost_ltsv:0.000049
2019-09-09 18:17:31,874 INFO mfista_func_healpix :l1:-3.00, ltsv:-5.00, Current iteration: 650/1000,  L: 2.593742, cost: 0.130613, cost_chiquare:0.041423, cost_l1:0.089136, cost_ltsv:0.000054
2019-09-09 18:17:35,712 INFO mfista_func_healpix :l1:-3.00, ltsv:-4.75, Current iteration: 0/1000,  L: 3.452271, cost: 58.748033, cost_chiquare:30.965319, cost_l1:0.569341, cost_ltsv:0.000364
2019-09-09 18:17:40,403 INFO mfista_func_healpix :l1:-3.00, ltsv:-4.75, Current iteration: 50/1000,  L: 2.143589, cost: 0.132764, cost_chiquare:0.040485, cost_l1:0.092336, cost_ltsv:0.000040
2019-09-09 18:17:45,438 INFO mfista_func_healpix :l1:-3.00, ltsv:-4.75, Current iteration: 100/1000,  L: 2.357948, cost: 0.131226, cost_chiquare:0.040925, cost_l1:0.090297, cost_ltsv:0.000026
2019-09-09 18:17:50,428 INFO mfista_func_healpix :l1:-3.00, ltsv:-4.75, Current iteration: 150/1000,  L: 1.948717, cost: 0.130892, cost_chiquare:0.042268, cost_l1:0.088598, cost_ltsv:0.000028
2019-09-09 18:17:55,561 INFO mfista_func_healpix :l1:-3.00, ltsv:-4.75, Current iteration: 200/1000,  L: 2.357948, cost: 0.130744, cost_chiquare:0.041106, cost_l1:0.089619, cost_ltsv:0.000032
2019-09-09 18:18:00,671 INFO mfista_func_healpix :l1:-3.00, ltsv:-4.75, Current iteration: 250/1000,  L: 2.593742, cost: 0.130700, cost_chiquare:0.041429, cost_l1:0.089238, cost_ltsv:0.000036
2019-09-09 18:18:05,649 INFO mfista_func_healpix :l1:-3.00, ltsv:-4.75, Current iteration: 300/1000,  L: 2.143589, cost: 0.130686, cost_chiquare:0.041338, cost_l1:0.089308, cost_ltsv:0.000041
2019-09-09 18:18:10,748 INFO mfista_func_healpix :l1:-3.00, ltsv:-4.75, Current iteration: 350/1000,  L: 2.357948, cost: 0.130676, cost_chiquare:0.041421, cost_l1:0.089211, cost_ltsv:0.000044
2019-09-09 18:18:15,685 INFO mfista_func_healpix :l1:-3.00, ltsv:-4.75, Current iteration: 400/1000,  L: 1.771561, cost: 0.130666, cost_chiquare:0.041376, cost_l1:0.089242, cost_ltsv:0.000048
2019-09-09 18:18:20,668 INFO mfista_func_healpix :l1:-3.00, ltsv:-4.75, Current iteration: 450/1000,  L: 1.464100, cost: 0.130658, cost_chiquare:0.041420, cost_l1:0.089187, cost_ltsv:0.000052
2019-09-09 18:18:25,905 INFO mfista_func_healpix :l1:-3.00, ltsv:-4.75, Current iteration: 500/1000,  L: 2.357948, cost: 0.130654, cost_chiquare:0.041400, cost_l1:0.089198, cost_ltsv:0.000057
2019-09-09 18:18:30,912 INFO mfista_func_healpix :l1:-3.00, ltsv:-4.75, Current iteration: 550/1000,  L: 2.143589, cost: 0.130651, cost_chiquare:0.041414, cost_l1:0.089176, cost_ltsv:0.000061
2019-09-09 18:18:35,761 INFO mfista_func_healpix :l1:-3.00, ltsv:-4.75, Current iteration: 600/1000,  L: 1.331000, cost: 0.130649, cost_chiquare:0.041410, cost_l1:0.089173, cost_ltsv:0.000066
2019-09-09 18:18:37,432 INFO mfista_func_healpix :l1:-3.00, ltsv:-4.50, Current iteration: 0/1000,  L: 3.452271, cost: 58.748301, cost_chiquare:30.965319, cost_l1:0.569341, cost_ltsv:0.000647
2019-09-09 18:18:42,288 INFO mfista_func_healpix :l1:-3.00, ltsv:-4.50, Current iteration: 50/1000,  L: 2.357948, cost: 0.132782, cost_chiquare:0.040033, cost_l1:0.092565, cost_ltsv:0.000070
2019-09-09 18:18:47,361 INFO mfista_func_healpix :l1:-3.00, ltsv:-4.50, Current iteration: 100/1000,  L: 2.357948, cost: 0.131243, cost_chiquare:0.040922, cost_l1:0.090298, cost_ltsv:0.000046
2019-09-09 18:18:52,364 INFO mfista_func_healpix :l1:-3.00, ltsv:-4.50, Current iteration: 150/1000,  L: 1.948717, cost: 0.130911, cost_chiquare:0.042294, cost_l1:0.088571, cost_ltsv:0.000047
2019-09-09 18:18:57,499 INFO mfista_func_healpix :l1:-3.00, ltsv:-4.50, Current iteration: 200/1000,  L: 2.357948, cost: 0.130767, cost_chiquare:0.041073, cost_l1:0.089651, cost_ltsv:0.000053
2019-09-09 18:19:02,416 INFO mfista_func_healpix :l1:-3.00, ltsv:-4.50, Current iteration: 250/1000,  L: 1.771561, cost: 0.130727, cost_chiquare:0.041464, cost_l1:0.089205, cost_ltsv:0.000059
2019-09-09 18:19:07,549 INFO mfista_func_healpix :l1:-3.00, ltsv:-4.50, Current iteration: 300/1000,  L: 2.143589, cost: 0.130715, cost_chiquare:0.041314, cost_l1:0.089337, cost_ltsv:0.000065
2019-09-09 18:19:12,584 INFO mfista_func_healpix :l1:-3.00, ltsv:-4.50, Current iteration: 350/1000,  L: 1.948717, cost: 0.130706, cost_chiquare:0.041431, cost_l1:0.089207, cost_ltsv:0.000068
2019-09-09 18:19:17,632 INFO mfista_func_healpix :l1:-3.00, ltsv:-4.50, Current iteration: 400/1000,  L: 1.771561, cost: 0.130698, cost_chiquare:0.041365, cost_l1:0.089263, cost_ltsv:0.000071
2019-09-09 18:19:22,649 INFO mfista_func_healpix :l1:-3.00, ltsv:-4.50, Current iteration: 450/1000,  L: 1.771561, cost: 0.130693, cost_chiquare:0.041413, cost_l1:0.089207, cost_ltsv:0.000073
2019-09-09 18:19:27,790 INFO mfista_func_healpix :l1:-3.00, ltsv:-4.50, Current iteration: 500/1000,  L: 2.357948, cost: 0.130690, cost_chiquare:0.041394, cost_l1:0.089221, cost_ltsv:0.000075
2019-09-09 18:19:29,174 INFO mfista_func_healpix :l1:-3.00, ltsv:-4.25, Current iteration: 0/1000,  L: 3.452271, cost: 58.748777, cost_chiquare:30.965319, cost_l1:0.569341, cost_ltsv:0.001150
2019-09-09 18:19:34,086 INFO mfista_func_healpix :l1:-3.00, ltsv:-4.25, Current iteration: 50/1000,  L: 2.143589, cost: 0.132809, cost_chiquare:0.040579, cost_l1:0.092198, cost_ltsv:0.000123
2019-09-09 18:19:39,318 INFO mfista_func_healpix :l1:-3.00, ltsv:-4.25, Current iteration: 100/1000,  L: 2.357948, cost: 0.131280, cost_chiquare:0.040835, cost_l1:0.090383, cost_ltsv:0.000078
2019-09-09 18:19:44,548 INFO mfista_func_healpix :l1:-3.00, ltsv:-4.25, Current iteration: 150/1000,  L: 2.357948, cost: 0.130943, cost_chiquare:0.042336, cost_l1:0.088537, cost_ltsv:0.000078
2019-09-09 18:19:49,681 INFO mfista_func_healpix :l1:-3.00, ltsv:-4.25, Current iteration: 200/1000,  L: 2.593742, cost: 0.130801, cost_chiquare:0.041035, cost_l1:0.089681, cost_ltsv:0.000085
2019-09-09 18:19:54,726 INFO mfista_func_healpix :l1:-3.00, ltsv:-4.25, Current iteration: 250/1000,  L: 2.143589, cost: 0.130767, cost_chiquare:0.041457, cost_l1:0.089215, cost_ltsv:0.000095
2019-09-09 18:19:59,827 INFO mfista_func_healpix :l1:-3.00, ltsv:-4.25, Current iteration: 300/1000,  L: 1.948717, cost: 0.130757, cost_chiquare:0.041305, cost_l1:0.089353, cost_ltsv:0.000099
2019-09-09 18:20:04,979 INFO mfista_func_healpix :l1:-3.00, ltsv:-4.25, Current iteration: 350/1000,  L: 3.138428, cost: 0.130748, cost_chiquare:0.041412, cost_l1:0.089238, cost_ltsv:0.000098
2019-09-09 18:20:09,692 INFO mfista_func_healpix :l1:-3.00, ltsv:-4.25, Current iteration: 400/1000,  L: 2.143589, cost: 0.130740, cost_chiquare:0.041352, cost_l1:0.089292, cost_ltsv:0.000096
2019-09-09 18:20:14,541 INFO mfista_func_healpix :l1:-3.00, ltsv:-4.25, Current iteration: 450/1000,  L: 2.143589, cost: 0.130736, cost_chiquare:0.041393, cost_l1:0.089250, cost_ltsv:0.000094
2019-09-09 18:20:18,069 INFO mfista_func_healpix :l1:-3.00, ltsv:-4.00, Current iteration: 0/1000,  L: 3.452271, cost: 58.749624, cost_chiquare:30.965319, cost_l1:0.569341, cost_ltsv:0.002045
2019-09-09 18:20:22,750 INFO mfista_func_healpix :l1:-3.00, ltsv:-4.00, Current iteration: 50/1000,  L: 2.143589, cost: 0.132905, cost_chiquare:0.040681, cost_l1:0.092133, cost_ltsv:0.000217
2019-09-09 18:20:27,693 INFO mfista_func_healpix :l1:-3.00, ltsv:-4.00, Current iteration: 100/1000,  L: 2.593742, cost: 0.131333, cost_chiquare:0.040888, cost_l1:0.090340, cost_ltsv:0.000131
2019-09-09 18:20:32,527 INFO mfista_func_healpix :l1:-3.00, ltsv:-4.00, Current iteration: 150/1000,  L: 2.357948, cost: 0.130992, cost_chiquare:0.042358, cost_l1:0.088515, cost_ltsv:0.000124
2019-09-09 18:20:37,376 INFO mfista_func_healpix :l1:-3.00, ltsv:-4.00, Current iteration: 200/1000,  L: 2.357948, cost: 0.130858, cost_chiquare:0.041020, cost_l1:0.089707, cost_ltsv:0.000134
2019-09-09 18:21:40,056 INFO mfista_func_healpix :l1:-3.00, ltsv:-4.00, Current iteration: 250/1000,  L: 2.853117, cost: 0.130825, cost_chiquare:0.041476, cost_l1:0.089209, cost_ltsv:0.000142
2019-09-09 18:21:51,540 INFO mfista_func_healpix :l1:-3.00, ltsv:-4.00, Current iteration: 300/1000,  L: 1.948717, cost: 0.130812, cost_chiquare:0.041310, cost_l1:0.089363, cost_ltsv:0.000139
2019-09-09 18:21:56,077 INFO mfista_func_healpix :l1:-3.00, ltsv:-4.00, Current iteration: 350/1000,  L: 1.948717, cost: 0.130801, cost_chiquare:0.041384, cost_l1:0.089287, cost_ltsv:0.000129
2019-09-09 18:22:00,650 INFO mfista_func_healpix :l1:-3.00, ltsv:-4.00, Current iteration: 400/1000,  L: 2.357948, cost: 0.130793, cost_chiquare:0.041361, cost_l1:0.089312, cost_ltsv:0.000120
2019-09-09 18:22:05,246 INFO mfista_func_healpix :l1:-3.00, ltsv:-3.75, Current iteration: 0/1000,  L: 3.452271, cost: 58.751130, cost_chiquare:30.965319, cost_l1:0.569341, cost_ltsv:0.003636
2019-09-09 18:22:09,688 INFO mfista_func_healpix :l1:-3.00, ltsv:-3.75, Current iteration: 50/1000,  L: 2.593742, cost: 0.133020, cost_chiquare:0.040875, cost_l1:0.091989, cost_ltsv:0.000377
2019-09-09 18:22:14,237 INFO mfista_func_healpix :l1:-3.00, ltsv:-3.75, Current iteration: 100/1000,  L: 2.593742, cost: 0.131415, cost_chiquare:0.040819, cost_l1:0.090411, cost_ltsv:0.000213
2019-09-09 18:22:18,863 INFO mfista_func_healpix :l1:-3.00, ltsv:-3.75, Current iteration: 150/1000,  L: 2.593742, cost: 0.131063, cost_chiquare:0.042368, cost_l1:0.088510, cost_ltsv:0.000191
2019-09-09 18:22:23,572 INFO mfista_func_healpix :l1:-3.00, ltsv:-3.75, Current iteration: 200/1000,  L: 2.593742, cost: 0.130937, cost_chiquare:0.041086, cost_l1:0.089663, cost_ltsv:0.000199
2019-09-09 18:22:28,388 INFO mfista_func_healpix :l1:-3.00, ltsv:-3.75, Current iteration: 250/1000,  L: 2.357948, cost: 0.130900, cost_chiquare:0.041458, cost_l1:0.089246, cost_ltsv:0.000196
2019-09-09 19:22:21,664 INFO mfista_func_healpix :l1:-3.00, ltsv:-3.75, Current iteration: 300/1000,  L: 2.143589, cost: 0.130880, cost_chiquare:0.041326, cost_l1:0.089375, cost_ltsv:0.000179
2019-09-09 19:22:26,640 INFO mfista_func_healpix :l1:-3.00, ltsv:-3.75, Current iteration: 350/1000,  L: 2.143589, cost: 0.130869, cost_chiquare:0.041347, cost_l1:0.089362, cost_ltsv:0.000160
2019-09-09 19:22:31,982 INFO mfista_func_healpix :l1:-3.00, ltsv:-3.50, Current iteration: 0/1000,  L: 3.452271, cost: 58.753808, cost_chiquare:30.965319, cost_l1:0.569341, cost_ltsv:0.006466
2019-09-09 19:22:36,140 INFO mfista_func_healpix :l1:-3.00, ltsv:-3.50, Current iteration: 50/1000,  L: 2.357948, cost: 0.133253, cost_chiquare:0.041236, cost_l1:0.091653, cost_ltsv:0.000647
2019-09-09 19:22:40,404 INFO mfista_func_healpix :l1:-3.00, ltsv:-3.50, Current iteration: 100/1000,  L: 2.593742, cost: 0.131544, cost_chiquare:0.040749, cost_l1:0.090482, cost_ltsv:0.000332
2019-09-09 19:22:44,536 INFO mfista_func_healpix :l1:-3.00, ltsv:-3.50, Current iteration: 150/1000,  L: 2.853117, cost: 0.131166, cost_chiquare:0.042379, cost_l1:0.088517, cost_ltsv:0.000278
2019-09-09 19:22:48,791 INFO mfista_func_healpix :l1:-3.00, ltsv:-3.50, Current iteration: 200/1000,  L: 2.357948, cost: 0.131034, cost_chiquare:0.041130, cost_l1:0.089638, cost_ltsv:0.000268
2019-09-09 19:22:52,982 INFO mfista_func_healpix :l1:-3.00, ltsv:-3.50, Current iteration: 250/1000,  L: 2.143589, cost: 0.130990, cost_chiquare:0.041421, cost_l1:0.089321, cost_ltsv:0.000247
2019-09-09 19:22:57,515 INFO mfista_func_healpix :l1:-3.00, ltsv:-3.50, Current iteration: 300/1000,  L: 2.853117, cost: 0.130971, cost_chiquare:0.041358, cost_l1:0.089393, cost_ltsv:0.000220
2019-09-09 19:23:01,978 INFO mfista_func_healpix :l1:-3.00, ltsv:-3.25, Current iteration: 0/1000,  L: 3.452271, cost: 58.758569, cost_chiquare:30.965319, cost_l1:0.569341, cost_ltsv:0.011497
2019-09-09 19:23:06,090 INFO mfista_func_healpix :l1:-3.00, ltsv:-3.25, Current iteration: 50/1000,  L: 2.357948, cost: 0.133600, cost_chiquare:0.041342, cost_l1:0.091280, cost_ltsv:0.001089
2019-09-09 19:23:10,792 INFO mfista_func_healpix :l1:-3.00, ltsv:-3.25, Current iteration: 100/1000,  L: 2.357948, cost: 0.131718, cost_chiquare:0.040630, cost_l1:0.090619, cost_ltsv:0.000488
2019-09-09 19:23:15,395 INFO mfista_func_healpix :l1:-3.00, ltsv:-3.25, Current iteration: 150/1000,  L: 2.853117, cost: 0.131290, cost_chiquare:0.042397, cost_l1:0.088525, cost_ltsv:0.000370
2019-09-09 19:23:19,725 INFO mfista_func_healpix :l1:-3.00, ltsv:-3.25, Current iteration: 200/1000,  L: 1.948717, cost: 0.131147, cost_chiquare:0.041165, cost_l1:0.089656, cost_ltsv:0.000327
2019-09-09 19:23:24,011 INFO mfista_func_healpix :l1:-3.00, ltsv:-3.25, Current iteration: 250/1000,  L: 2.357948, cost: 0.131109, cost_chiquare:0.041430, cost_l1:0.089382, cost_ltsv:0.000298
2019-09-09 19:23:28,681 INFO mfista_func_healpix :l1:-3.00, ltsv:-3.00, Current iteration: 0/1000,  L: 3.452271, cost: 58.767037, cost_chiquare:30.965319, cost_l1:0.569341, cost_ltsv:0.020446
2019-09-09 19:23:32,812 INFO mfista_func_healpix :l1:-3.00, ltsv:-3.00, Current iteration: 50/1000,  L: 2.357948, cost: 0.134159, cost_chiquare:0.041921, cost_l1:0.090541, cost_ltsv:0.001769
2019-09-09 19:23:37,151 INFO mfista_func_healpix :l1:-3.00, ltsv:-3.00, Current iteration: 100/1000,  L: 2.593742, cost: 0.131925, cost_chiquare:0.040454, cost_l1:0.090833, cost_ltsv:0.000657
2019-09-09 19:23:41,464 INFO mfista_func_healpix :l1:-3.00, ltsv:-3.00, Current iteration: 150/1000,  L: 2.357948, cost: 0.131422, cost_chiquare:0.042570, cost_l1:0.088415, cost_ltsv:0.000436
2019-09-09 19:23:45,911 INFO mfista_func_healpix :l1:-3.00, ltsv:-3.00, Current iteration: 200/1000,  L: 2.853117, cost: 0.131302, cost_chiquare:0.041185, cost_l1:0.089730, cost_ltsv:0.000392
2019-09-09 19:23:50,541 INFO mfista_func_healpix :l1:-3.00, ltsv:-3.00, Current iteration: 250/1000,  L: 2.357948, cost: 0.131289, cost_chiquare:0.041501, cost_l1:0.089420, cost_ltsv:0.000368
2019-09-09 19:23:52,025 INFO mfista_func_healpix :l1:-3.00, ltsv:-2.75, Current iteration: 0/1000,  L: 3.452271, cost: 58.782096, cost_chiquare:30.965319, cost_l1:0.569341, cost_ltsv:0.036358
2019-09-09 19:23:56,715 INFO mfista_func_healpix :l1:-3.00, ltsv:-2.75, Current iteration: 50/1000,  L: 2.853117, cost: 0.134990, cost_chiquare:0.042509, cost_l1:0.089711, cost_ltsv:0.002703
2019-09-09 19:24:01,562 INFO mfista_func_healpix :l1:-3.00, ltsv:-2.75, Current iteration: 100/1000,  L: 2.853117, cost: 0.132135, cost_chiquare:0.040045, cost_l1:0.091317, cost_ltsv:0.000785
2019-09-09 19:24:06,179 INFO mfista_func_healpix :l1:-3.00, ltsv:-2.75, Current iteration: 150/1000,  L: 2.593742, cost: 0.131596, cost_chiquare:0.042783, cost_l1:0.088312, cost_ltsv:0.000502
2019-09-09 19:24:10,836 INFO mfista_func_healpix :l1:-3.00, ltsv:-2.75, Current iteration: 200/1000,  L: 2.357948, cost: 0.131536, cost_chiquare:0.041324, cost_l1:0.089730, cost_ltsv:0.000484
2019-09-09 19:24:14,873 INFO mfista_func_healpix :l1:-3.00, ltsv:-2.50, Current iteration: 0/1000,  L: 3.452271, cost: 58.808873, cost_chiquare:30.965319, cost_l1:0.569341, cost_ltsv:0.064655
2019-09-09 19:24:19,958 INFO mfista_func_healpix :l1:-3.00, ltsv:-2.50, Current iteration: 50/1000,  L: 2.593742, cost: 0.135989, cost_chiquare:0.044720, cost_l1:0.087673, cost_ltsv:0.003728
2019-09-09 19:24:24,856 INFO mfista_func_healpix :l1:-3.00, ltsv:-2.50, Current iteration: 100/1000,  L: 2.357948, cost: 0.132304, cost_chiquare:0.039675, cost_l1:0.091843, cost_ltsv:0.000791
2019-09-09 19:24:29,956 INFO mfista_func_healpix :l1:-3.00, ltsv:-2.50, Current iteration: 150/1000,  L: 2.593742, cost: 0.131884, cost_chiquare:0.042786, cost_l1:0.088454, cost_ltsv:0.000642
2019-09-09 19:24:34,393 INFO mfista_func_healpix :l1:-3.00, ltsv:-2.25, Current iteration: 0/1000,  L: 3.452271, cost: 58.856492, cost_chiquare:30.965319, cost_l1:0.569341, cost_ltsv:0.114975
2019-09-09 19:24:39,147 INFO mfista_func_healpix :l1:-3.00, ltsv:-2.25, Current iteration: 50/1000,  L: 2.593742, cost: 0.136951, cost_chiquare:0.047170, cost_l1:0.085360, cost_ltsv:0.004467
2019-09-09 19:24:44,259 INFO mfista_func_healpix :l1:-3.00, ltsv:-2.25, Current iteration: 100/1000,  L: 2.593742, cost: 0.132584, cost_chiquare:0.039689, cost_l1:0.091971, cost_ltsv:0.000930
2019-09-09 19:24:49,343 INFO mfista_func_healpix :l1:-3.00, ltsv:-2.25, Current iteration: 150/1000,  L: 2.853117, cost: 0.132294, cost_chiquare:0.042638, cost_l1:0.088780, cost_ltsv:0.000871
2019-09-09 19:24:54,526 INFO mfista_func_healpix :l1:-3.00, ltsv:-2.25, Current iteration: 200/1000,  L: 2.593742, cost: 0.132184, cost_chiquare:0.042356, cost_l1:0.089065, cost_ltsv:0.000764
2019-09-09 19:24:58,383 INFO mfista_func_healpix :l1:-3.00, ltsv:-2.00, Current iteration: 0/1000,  L: 3.452271, cost: 58.941170, cost_chiquare:30.965319, cost_l1:0.569341, cost_ltsv:0.204457
2019-09-09 19:25:03,589 INFO mfista_func_healpix :l1:-3.00, ltsv:-2.00, Current iteration: 50/1000,  L: 2.593742, cost: 0.137085, cost_chiquare:0.051159, cost_l1:0.082365, cost_ltsv:0.003906
2019-09-09 19:25:08,405 INFO mfista_func_healpix :l1:-3.00, ltsv:-2.00, Current iteration: 100/1000,  L: 2.593742, cost: 0.133168, cost_chiquare:0.040122, cost_l1:0.091642, cost_ltsv:0.001399
2019-09-09 19:25:13,456 INFO mfista_func_healpix :l1:-3.00, ltsv:-2.00, Current iteration: 150/1000,  L: 2.593742, cost: 0.132722, cost_chiquare:0.042475, cost_l1:0.089140, cost_ltsv:0.001105
2019-09-09 19:25:17,407 INFO mfista_func_healpix :l1:-3.00, ltsv:-1.75, Current iteration: 0/1000,  L: 3.452271, cost: 59.091753, cost_chiquare:30.965319, cost_l1:0.569341, cost_ltsv:0.363582
2019-09-09 19:25:22,426 INFO mfista_func_healpix :l1:-3.00, ltsv:-1.75, Current iteration: 50/1000,  L: 3.138428, cost: 0.136362, cost_chiquare:0.051395, cost_l1:0.082069, cost_ltsv:0.002827
2019-09-09 19:25:27,368 INFO mfista_func_healpix :l1:-3.00, ltsv:-1.75, Current iteration: 100/1000,  L: 2.593742, cost: 0.133849, cost_chiquare:0.041149, cost_l1:0.090750, cost_ltsv:0.001924
2019-09-09 19:25:32,704 INFO mfista_func_healpix :l1:-3.00, ltsv:-1.50, Current iteration: 0/1000,  L: 3.452271, cost: 59.359531, cost_chiquare:30.965319, cost_l1:0.569341, cost_ltsv:0.646550
2019-09-09 19:25:37,897 INFO mfista_func_healpix :l1:-3.00, ltsv:-1.50, Current iteration: 50/1000,  L: 2.593742, cost: 0.136993, cost_chiquare:0.051360, cost_l1:0.082313, cost_ltsv:0.003443
2019-09-09 19:25:43,534 INFO mfista_func_healpix :l1:-3.00, ltsv:-1.50, Current iteration: 100/1000,  L: 2.593742, cost: 0.134715, cost_chiquare:0.042404, cost_l1:0.089818, cost_ltsv:0.002491
2019-09-09 19:25:49,207 INFO mfista_func_healpix :l1:-3.00, ltsv:-1.50, Current iteration: 150/1000,  L: 2.593742, cost: 0.134631, cost_chiquare:0.042334, cost_l1:0.089827, cost_ltsv:0.002474
2019-09-09 19:25:54,746 INFO mfista_func_healpix :l1:-3.00, ltsv:-1.50, Current iteration: 200/1000,  L: 2.593742, cost: 0.134597, cost_chiquare:0.043175, cost_l1:0.088994, cost_ltsv:0.002427
2019-09-09 19:25:59,327 INFO mfista_func_healpix :l1:-3.00, ltsv:-1.25, Current iteration: 0/1000,  L: 3.452271, cost: 59.835714, cost_chiquare:30.965319, cost_l1:0.569341, cost_ltsv:1.149747
2019-09-09 19:26:04,775 INFO mfista_func_healpix :l1:-3.00, ltsv:-1.25, Current iteration: 50/1000,  L: 2.853117, cost: 0.139302, cost_chiquare:0.050838, cost_l1:0.083146, cost_ltsv:0.005256
2019-09-09 19:26:09,999 INFO mfista_func_healpix :l1:-3.00, ltsv:-1.25, Current iteration: 100/1000,  L: 2.593742, cost: 0.136410, cost_chiquare:0.044223, cost_l1:0.088500, cost_ltsv:0.003689
2019-09-09 19:26:14,886 INFO mfista_func_healpix :l1:-3.00, ltsv:-1.25, Current iteration: 150/1000,  L: 2.853117, cost: 0.136330, cost_chiquare:0.042941, cost_l1:0.089771, cost_ltsv:0.003617
2019-09-09 19:26:20,091 INFO mfista_func_healpix :l1:-3.00, ltsv:-1.25, Current iteration: 200/1000,  L: 2.593742, cost: 0.136298, cost_chiquare:0.043332, cost_l1:0.089370, cost_ltsv:0.003597
2019-09-09 19:26:23,504 INFO mfista_func_healpix :l1:-3.00, ltsv:-1.00, Current iteration: 0/1000,  L: 3.452271, cost: 60.682502, cost_chiquare:30.965319, cost_l1:0.569341, cost_ltsv:2.044571
2019-09-09 19:26:28,872 INFO mfista_func_healpix :l1:-3.00, ltsv:-1.00, Current iteration: 50/1000,  L: 2.853117, cost: 0.140272, cost_chiquare:0.048228, cost_l1:0.085845, cost_ltsv:0.006054
2019-09-09 19:26:34,001 INFO mfista_func_healpix :l1:-3.00, ltsv:-1.00, Current iteration: 100/1000,  L: 2.853117, cost: 0.138943, cost_chiquare:0.046044, cost_l1:0.087688, cost_ltsv:0.005214
2019-09-09 19:26:39,107 INFO mfista_func_healpix :l1:-3.00, ltsv:-1.00, Current iteration: 150/1000,  L: 2.593742, cost: 0.138801, cost_chiquare:0.044976, cost_l1:0.088669, cost_ltsv:0.005159
2019-09-09 19:26:44,284 INFO mfista_func_healpix :l1:-3.00, ltsv:-1.00, Current iteration: 200/1000,  L: 2.593742, cost: 0.138791, cost_chiquare:0.044542, cost_l1:0.089099, cost_ltsv:0.005151
2019-09-09 19:26:45,432 INFO mfista_func_healpix :l1:-3.00, ltsv:-0.75, Current iteration: 0/1000,  L: 3.452271, cost: 62.188327, cost_chiquare:30.965319, cost_l1:0.569341, cost_ltsv:3.635819
2019-09-09 19:26:50,591 INFO mfista_func_healpix :l1:-3.00, ltsv:-0.75, Current iteration: 50/1000,  L: 3.452271, cost: 0.143244, cost_chiquare:0.048043, cost_l1:0.087241, cost_ltsv:0.007717
2019-09-09 19:26:55,366 INFO mfista_func_healpix :l1:-3.00, ltsv:-0.75, Current iteration: 100/1000,  L: 3.138428, cost: 0.142393, cost_chiquare:0.047051, cost_l1:0.088172, cost_ltsv:0.007159
2019-09-09 19:27:00,006 INFO mfista_func_healpix :l1:-3.00, ltsv:-0.75, Current iteration: 150/1000,  L: 3.138428, cost: 0.142319, cost_chiquare:0.046527, cost_l1:0.088674, cost_ltsv:0.007118
2019-09-09 19:27:05,113 INFO mfista_func_healpix :l1:-3.00, ltsv:-0.50, Current iteration: 0/1000,  L: 3.452271, cost: 64.866105, cost_chiquare:30.965319, cost_l1:0.569341, cost_ltsv:6.465502
2019-09-09 19:27:10,346 INFO mfista_func_healpix :l1:-3.00, ltsv:-0.50, Current iteration: 50/1000,  L: 5.559917, cost: 0.154965, cost_chiquare:0.056949, cost_l1:0.082343, cost_ltsv:0.014985
2019-09-09 19:27:15,446 INFO mfista_func_healpix :l1:-3.00, ltsv:-0.50, Current iteration: 100/1000,  L: 5.559917, cost: 0.147479, cost_chiquare:0.050323, cost_l1:0.087212, cost_ltsv:0.009990
2019-09-09 19:27:20,193 INFO mfista_func_healpix :l1:-3.00, ltsv:-0.50, Current iteration: 150/1000,  L: 6.115909, cost: 0.147107, cost_chiquare:0.048386, cost_l1:0.089022, cost_ltsv:0.009700
2019-09-09 19:27:25,223 INFO mfista_func_healpix :l1:-3.00, ltsv:-0.50, Current iteration: 200/1000,  L: 5.559917, cost: 0.147111, cost_chiquare:0.047996, cost_l1:0.089415, cost_ltsv:0.009698
2019-09-09 19:27:27,191 INFO mfista_func_healpix :l1:-3.00, ltsv:-0.25, Current iteration: 0/1000,  L: 3.452271, cost: 69.627942, cost_chiquare:30.965319, cost_l1:0.569341, cost_ltsv:11.497469
2019-09-09 19:27:32,682 INFO mfista_func_healpix :l1:-3.00, ltsv:-0.25, Current iteration: 50/1000,  L: 9.849733, cost: 0.173974, cost_chiquare:0.062625, cost_l1:0.079857, cost_ltsv:0.030585
2019-09-09 19:27:37,799 INFO mfista_func_healpix :l1:-3.00, ltsv:-0.25, Current iteration: 100/1000,  L: 9.849733, cost: 0.153971, cost_chiquare:0.052582, cost_l1:0.087925, cost_ltsv:0.013557
2019-09-09 19:27:42,936 INFO mfista_func_healpix :l1:-3.00, ltsv:-0.25, Current iteration: 150/1000,  L: 9.849733, cost: 0.153820, cost_chiquare:0.050291, cost_l1:0.089970, cost_ltsv:0.013543
2019-09-09 19:27:48,047 INFO mfista_func_healpix :l1:-3.00, ltsv:-0.25, Current iteration: 200/1000,  L: 9.849733, cost: 0.153713, cost_chiquare:0.050616, cost_l1:0.089614, cost_ltsv:0.013487
2019-09-09 19:27:51,130 INFO mfista_func_healpix :l1:-3.00, ltsv:0.00, Current iteration: 0/1000,  L: 3.452271, cost: 78.095819, cost_chiquare:30.965319, cost_l1:0.569341, cost_ltsv:20.445712
2019-09-09 19:27:56,086 INFO mfista_func_healpix :l1:-3.00, ltsv:0.00, Current iteration: 50/1000,  L: 17.449402, cost: 0.206583, cost_chiquare:0.072089, cost_l1:0.079098, cost_ltsv:0.054513
2019-09-09 19:28:00,649 INFO mfista_func_healpix :l1:-3.00, ltsv:0.00, Current iteration: 100/1000,  L: 17.449402, cost: 0.163316, cost_chiquare:0.054538, cost_l1:0.088906, cost_ltsv:0.019919
2019-09-09 19:28:05,783 INFO mfista_func_healpix :l1:-3.00, ltsv:0.00, Current iteration: 150/1000,  L: 19.194342, cost: 0.163436, cost_chiquare:0.053297, cost_l1:0.090581, cost_ltsv:0.019555
2019-09-09 19:28:10,562 INFO solve_without_cv :End of solver w/o CV
2019-09-09 19:28:44,258 INFO tikhonov_result_out :elapsed_time (SVD):33.695873 [sec]
