2019-09-05 15:44:29,253 INFO <module> :Start CV
2019-09-05 15:44:29,565 INFO mfista_func_healpix :l1:-5, ltsv:-5, Current iteration: 0/1000,  L: 9090.909091, cost: 4116.805029, cost_chiquare:4116.510536, cost_l1:0.030711, cost_ltsv:0.000000
2019-09-05 15:44:32,545 INFO mfista_func_healpix :l1:-5, ltsv:-5, Current iteration: 50/1000,  L: 77.441375, cost: 9.703856, cost_chiquare:7.114642, cost_l1:0.004048, cost_ltsv:0.000215
2019-09-05 15:44:36,084 INFO mfista_func_healpix :l1:-5, ltsv:-5, Current iteration: 100/1000,  L: 2.755682, cost: 0.031277, cost_chiquare:0.031781, cost_l1:0.001050, cost_ltsv:0.000041
2019-09-05 15:44:38,675 INFO cv :0/10, l1: -5/-3, ltsv: -5/-2. elapsed time: 9.239721
2019-09-05 15:44:38,987 INFO mfista_func_healpix :l1:-5, ltsv:-5, Current iteration: 0/1000,  L: 9090.909091, cost: 4116.643394, cost_chiquare:4116.348790, cost_l1:0.030711, cost_ltsv:0.000000
2019-09-05 15:44:42,048 INFO mfista_func_healpix :l1:-5, ltsv:-5, Current iteration: 50/1000,  L: 77.441375, cost: 9.770007, cost_chiquare:7.176099, cost_l1:0.004055, cost_ltsv:0.000216
2019-09-05 15:44:45,581 INFO mfista_func_healpix :l1:-5, ltsv:-5, Current iteration: 100/1000,  L: 2.755682, cost: 0.031169, cost_chiquare:0.031074, cost_l1:0.001049, cost_ltsv:0.000042
2019-09-05 15:44:48,258 INFO cv :1/10, l1: -5/-3, ltsv: -5/-2. elapsed time: 9.353821
2019-09-05 15:44:48,530 INFO mfista_func_healpix :l1:-5, ltsv:-5, Current iteration: 0/1000,  L: 9090.909091, cost: 4116.091669, cost_chiquare:4115.797092, cost_l1:0.030711, cost_ltsv:0.000000
2019-09-05 15:44:51,566 INFO mfista_func_healpix :l1:-5, ltsv:-5, Current iteration: 50/1000,  L: 77.441375, cost: 9.782811, cost_chiquare:7.186921, cost_l1:0.004053, cost_ltsv:0.000215
2019-09-05 15:44:55,060 INFO mfista_func_healpix :l1:-5, ltsv:-5, Current iteration: 100/1000,  L: 2.505165, cost: 0.031371, cost_chiquare:0.031438, cost_l1:0.001030, cost_ltsv:0.000042
2019-09-05 15:44:59,801 INFO mfista_func_healpix :l1:-5, ltsv:-5, Current iteration: 150/1000,  L: 2.070385, cost: 0.030976, cost_chiquare:0.029892, cost_l1:0.001133, cost_ltsv:0.000034
2019-09-05 15:45:01,337 INFO cv :2/10, l1: -5/-3, ltsv: -5/-2. elapsed time: 12.890461
2019-09-05 15:45:01,599 INFO mfista_func_healpix :l1:-5, ltsv:-5, Current iteration: 0/1000,  L: 9090.909091, cost: 4116.847236, cost_chiquare:4116.552584, cost_l1:0.030711, cost_ltsv:0.000000
2019-09-05 15:45:04,683 INFO mfista_func_healpix :l1:-5, ltsv:-5, Current iteration: 50/1000,  L: 77.441375, cost: 9.805664, cost_chiquare:7.212326, cost_l1:0.004060, cost_ltsv:0.000215
2019-09-05 15:45:08,247 INFO mfista_func_healpix :l1:-5, ltsv:-5, Current iteration: 100/1000,  L: 2.755682, cost: 0.031174, cost_chiquare:0.031060, cost_l1:0.001047, cost_ltsv:0.000041
2019-09-05 15:45:10,883 INFO cv :3/10, l1: -5/-3, ltsv: -5/-2. elapsed time: 9.372173
2019-09-05 15:45:11,218 INFO mfista_func_healpix :l1:-5, ltsv:-5, Current iteration: 0/1000,  L: 9090.909091, cost: 4116.771510, cost_chiquare:4116.476772, cost_l1:0.030711, cost_ltsv:0.000000
2019-09-05 15:45:14,490 INFO mfista_func_healpix :l1:-5, ltsv:-5, Current iteration: 50/1000,  L: 77.441375, cost: 9.800617, cost_chiquare:7.201740, cost_l1:0.004066, cost_ltsv:0.000216
2019-09-05 15:45:18,125 INFO mfista_func_healpix :l1:-5, ltsv:-5, Current iteration: 100/1000,  L: 2.505165, cost: 0.031345, cost_chiquare:0.031543, cost_l1:0.001057, cost_ltsv:0.000042
2019-09-05 15:45:23,024 INFO mfista_func_healpix :l1:-5, ltsv:-5, Current iteration: 150/1000,  L: 2.277423, cost: 0.030952, cost_chiquare:0.029859, cost_l1:0.001139, cost_ltsv:0.000035
2019-09-05 15:45:24,534 INFO cv :4/10, l1: -5/-3, ltsv: -5/-2. elapsed time: 13.405991
2019-09-05 15:45:24,849 INFO mfista_func_healpix :l1:-5, ltsv:-5, Current iteration: 0/1000,  L: 9090.909091, cost: 4116.671549, cost_chiquare:4116.377101, cost_l1:0.030711, cost_ltsv:0.000000
2019-09-05 15:45:27,941 INFO mfista_func_healpix :l1:-5, ltsv:-5, Current iteration: 50/1000,  L: 77.441375, cost: 9.743120, cost_chiquare:7.158333, cost_l1:0.004043, cost_ltsv:0.000214
2019-09-05 15:45:31,695 INFO mfista_func_healpix :l1:-5, ltsv:-5, Current iteration: 100/1000,  L: 2.505165, cost: 0.031330, cost_chiquare:0.032646, cost_l1:0.001054, cost_ltsv:0.000041
2019-09-05 15:45:34,575 INFO cv :5/10, l1: -5/-3, ltsv: -5/-2. elapsed time: 9.811913
2019-09-05 15:45:34,829 INFO mfista_func_healpix :l1:-5, ltsv:-5, Current iteration: 0/1000,  L: 9090.909091, cost: 4117.375534, cost_chiquare:4117.081125, cost_l1:0.030711, cost_ltsv:0.000000
2019-09-05 15:45:37,932 INFO mfista_func_healpix :l1:-5, ltsv:-5, Current iteration: 50/1000,  L: 77.441375, cost: 9.657654, cost_chiquare:7.074432, cost_l1:0.004043, cost_ltsv:0.000215
2019-09-05 15:45:41,486 INFO mfista_func_healpix :l1:-5, ltsv:-5, Current iteration: 100/1000,  L: 2.755682, cost: 0.031128, cost_chiquare:0.031066, cost_l1:0.001050, cost_ltsv:0.000041
2019-09-05 15:45:44,051 INFO cv :6/10, l1: -5/-3, ltsv: -5/-2. elapsed time: 9.306851
2019-09-05 15:45:44,306 INFO mfista_func_healpix :l1:-5, ltsv:-5, Current iteration: 0/1000,  L: 9090.909091, cost: 4116.496489, cost_chiquare:4116.202029, cost_l1:0.030711, cost_ltsv:0.000000
2019-09-05 15:45:47,360 INFO mfista_func_healpix :l1:-5, ltsv:-5, Current iteration: 50/1000,  L: 77.441375, cost: 9.720929, cost_chiquare:7.126636, cost_l1:0.004041, cost_ltsv:0.000215
2019-09-05 15:45:50,953 INFO mfista_func_healpix :l1:-5, ltsv:-5, Current iteration: 100/1000,  L: 2.505165, cost: 0.031169, cost_chiquare:0.031719, cost_l1:0.001023, cost_ltsv:0.000041
2019-09-05 15:45:53,808 INFO cv :7/10, l1: -5/-3, ltsv: -5/-2. elapsed time: 9.585803
2019-09-05 15:45:54,121 INFO mfista_func_healpix :l1:-5, ltsv:-5, Current iteration: 0/1000,  L: 9090.909091, cost: 4117.280539, cost_chiquare:4116.986164, cost_l1:0.030711, cost_ltsv:0.000000
2019-09-05 15:45:57,299 INFO mfista_func_healpix :l1:-5, ltsv:-5, Current iteration: 50/1000,  L: 77.441375, cost: 9.660562, cost_chiquare:7.081662, cost_l1:0.004039, cost_ltsv:0.000214
2019-09-05 15:46:01,003 INFO mfista_func_healpix :l1:-5, ltsv:-5, Current iteration: 100/1000,  L: 2.755682, cost: 0.031093, cost_chiquare:0.031395, cost_l1:0.001053, cost_ltsv:0.000042
2019-09-05 15:46:03,702 INFO cv :8/10, l1: -5/-3, ltsv: -5/-2. elapsed time: 9.691790
2019-09-05 15:46:03,967 INFO mfista_func_healpix :l1:-5, ltsv:-5, Current iteration: 0/1000,  L: 9090.909091, cost: 4117.015559, cost_chiquare:4116.721163, cost_l1:0.030711, cost_ltsv:0.000000
2019-09-05 15:46:07,144 INFO mfista_func_healpix :l1:-5, ltsv:-5, Current iteration: 50/1000,  L: 77.441375, cost: 9.638071, cost_chiquare:7.051096, cost_l1:0.004041, cost_ltsv:0.000216
2019-09-05 15:46:10,693 INFO mfista_func_healpix :l1:-5, ltsv:-5, Current iteration: 100/1000,  L: 2.505165, cost: 0.031541, cost_chiquare:0.031546, cost_l1:0.001028, cost_ltsv:0.000041
2019-09-05 15:46:13,290 INFO cv :9/10, l1: -5/-3, ltsv: -5/-2. elapsed time: 9.406926
2019-09-05 15:46:13,396 INFO mfista_func_healpix :l1:-5, ltsv:-5, Current iteration: 0/1000,  L: 9090.909091, cost: 4573.893119, cost_chiquare:4573.536753, cost_l1:0.030710, cost_ltsv:0.000000
2019-09-05 15:46:16,738 INFO mfista_func_healpix :l1:-5, ltsv:-5, Current iteration: 50/1000,  L: 77.441375, cost: 8.304578, cost_chiquare:6.212773, cost_l1:0.003781, cost_ltsv:0.000211
2019-09-05 15:46:20,615 INFO mfista_func_healpix :l1:-5, ltsv:-5, Current iteration: 100/1000,  L: 2.755682, cost: 0.034802, cost_chiquare:0.034578, cost_l1:0.001018, cost_ltsv:0.000040
2019-09-05 15:46:23,798 INFO cv :l1: -5/-3, ltsv: -5/-2, chi:3.369863e-02, l1:1.030036e-03, ltsv:2.648700e-05
2019-09-05 15:46:24,088 INFO mfista_func_healpix :l1:-5, ltsv:-4, Current iteration: 0/1000,  L: 9090.909091, cost: 4116.714657, cost_chiquare:4116.420058, cost_l1:0.030711, cost_ltsv:0.000000
2019-09-05 15:46:27,198 INFO mfista_func_healpix :l1:-5, ltsv:-4, Current iteration: 50/1000,  L: 77.441375, cost: 9.751008, cost_chiquare:7.157924, cost_l1:0.004058, cost_ltsv:0.002158
2019-09-05 15:46:30,920 INFO mfista_func_healpix :l1:-5, ltsv:-4, Current iteration: 100/1000,  L: 2.505165, cost: 0.031923, cost_chiquare:0.031840, cost_l1:0.001051, cost_ltsv:0.000408
2019-09-05 15:46:35,800 INFO mfista_func_healpix :l1:-5, ltsv:-4, Current iteration: 150/1000,  L: 2.505165, cost: 0.031458, cost_chiquare:0.030094, cost_l1:0.001140, cost_ltsv:0.000292
2019-09-05 15:46:37,195 INFO cv :0/10, l1: -5/-3, ltsv: -4/-2. elapsed time: 13.190134
2019-09-05 15:46:37,539 INFO mfista_func_healpix :l1:-5, ltsv:-4, Current iteration: 0/1000,  L: 9090.909091, cost: 4117.027337, cost_chiquare:4116.732889, cost_l1:0.030711, cost_ltsv:0.000000
2019-09-05 15:46:40,955 INFO mfista_func_healpix :l1:-5, ltsv:-4, Current iteration: 50/1000,  L: 77.441375, cost: 9.687270, cost_chiquare:7.100256, cost_l1:0.004045, cost_ltsv:0.002157
2019-09-05 15:46:44,560 INFO mfista_func_healpix :l1:-5, ltsv:-4, Current iteration: 100/1000,  L: 2.505165, cost: 0.031869, cost_chiquare:0.032130, cost_l1:0.001022, cost_ltsv:0.000403
2019-09-05 15:46:49,522 INFO mfista_func_healpix :l1:-5, ltsv:-4, Current iteration: 150/1000,  L: 2.277423, cost: 0.031386, cost_chiquare:0.030008, cost_l1:0.001135, cost_ltsv:0.000293
2019-09-05 15:46:50,990 INFO cv :1/10, l1: -5/-3, ltsv: -4/-2. elapsed time: 13.536406
2019-09-05 15:46:51,249 INFO mfista_func_healpix :l1:-5, ltsv:-4, Current iteration: 0/1000,  L: 9090.909091, cost: 4116.619029, cost_chiquare:4116.324533, cost_l1:0.030711, cost_ltsv:0.000000
2019-09-05 15:46:54,363 INFO mfista_func_healpix :l1:-5, ltsv:-4, Current iteration: 50/1000,  L: 77.441375, cost: 9.741781, cost_chiquare:7.147027, cost_l1:0.004047, cost_ltsv:0.002146
2019-09-05 15:47:01,612 INFO mfista_func_healpix :l1:-5, ltsv:-4, Current iteration: 100/1000,  L: 2.505165, cost: 0.031604, cost_chiquare:0.031409, cost_l1:0.001024, cost_ltsv:0.000404
2019-09-05 15:47:10,938 INFO mfista_func_healpix :l1:-5, ltsv:-4, Current iteration: 150/1000,  L: 2.505165, cost: 0.031100, cost_chiquare:0.029742, cost_l1:0.001132, cost_ltsv:0.000290
2019-09-05 15:47:13,466 INFO cv :2/10, l1: -5/-3, ltsv: -4/-2. elapsed time: 22.301842
2019-09-05 15:47:14,089 INFO mfista_func_healpix :l1:-5, ltsv:-4, Current iteration: 0/1000,  L: 9090.909091, cost: 4116.464986, cost_chiquare:4116.170537, cost_l1:0.030711, cost_ltsv:0.000000
2019-09-05 15:47:19,937 INFO mfista_func_healpix :l1:-5, ltsv:-4, Current iteration: 50/1000,  L: 77.441375, cost: 9.712044, cost_chiquare:7.120988, cost_l1:0.004043, cost_ltsv:0.002148
2019-09-05 15:47:26,878 INFO mfista_func_healpix :l1:-5, ltsv:-4, Current iteration: 100/1000,  L: 2.505165, cost: 0.031473, cost_chiquare:0.031507, cost_l1:0.001020, cost_ltsv:0.000400
2019-09-05 15:47:36,179 INFO mfista_func_healpix :l1:-5, ltsv:-4, Current iteration: 150/1000,  L: 1.882168, cost: 0.031081, cost_chiquare:0.029733, cost_l1:0.001133, cost_ltsv:0.000292
2019-09-05 15:47:38,858 INFO cv :3/10, l1: -5/-3, ltsv: -4/-2. elapsed time: 24.945879
2019-09-05 15:47:39,407 INFO mfista_func_healpix :l1:-5, ltsv:-4, Current iteration: 0/1000,  L: 9090.909091, cost: 4116.898702, cost_chiquare:4116.604294, cost_l1:0.030711, cost_ltsv:0.000000
2019-09-05 15:47:45,397 INFO mfista_func_healpix :l1:-5, ltsv:-4, Current iteration: 50/1000,  L: 77.441375, cost: 9.715777, cost_chiquare:7.125543, cost_l1:0.004038, cost_ltsv:0.002145
2019-09-05 15:47:52,232 INFO mfista_func_healpix :l1:-5, ltsv:-4, Current iteration: 100/1000,  L: 2.505165, cost: 0.031826, cost_chiquare:0.031679, cost_l1:0.001050, cost_ltsv:0.000401
2019-09-05 15:48:01,742 INFO mfista_func_healpix :l1:-5, ltsv:-4, Current iteration: 150/1000,  L: 2.277423, cost: 0.031323, cost_chiquare:0.029953, cost_l1:0.001137, cost_ltsv:0.000284
2019-09-05 15:48:04,282 INFO cv :4/10, l1: -5/-3, ltsv: -4/-2. elapsed time: 25.066142
2019-09-05 15:48:04,800 INFO mfista_func_healpix :l1:-5, ltsv:-4, Current iteration: 0/1000,  L: 9090.909091, cost: 4117.213640, cost_chiquare:4116.919165, cost_l1:0.030711, cost_ltsv:0.000000
2019-09-05 15:48:10,702 INFO mfista_func_healpix :l1:-5, ltsv:-4, Current iteration: 50/1000,  L: 77.441375, cost: 9.717333, cost_chiquare:7.129194, cost_l1:0.004046, cost_ltsv:0.002150
2019-09-05 15:48:17,580 INFO mfista_func_healpix :l1:-5, ltsv:-4, Current iteration: 100/1000,  L: 2.755682, cost: 0.031758, cost_chiquare:0.031495, cost_l1:0.001050, cost_ltsv:0.000406
2019-09-05 15:48:26,638 INFO mfista_func_healpix :l1:-5, ltsv:-4, Current iteration: 150/1000,  L: 2.277423, cost: 0.031304, cost_chiquare:0.029954, cost_l1:0.001140, cost_ltsv:0.000290
2019-09-05 15:48:29,244 INFO cv :5/10, l1: -5/-3, ltsv: -4/-2. elapsed time: 24.619803
2019-09-05 15:48:29,794 INFO mfista_func_healpix :l1:-5, ltsv:-4, Current iteration: 0/1000,  L: 9090.909091, cost: 4116.471172, cost_chiquare:4116.176658, cost_l1:0.030711, cost_ltsv:0.000000
2019-09-05 15:48:35,683 INFO mfista_func_healpix :l1:-5, ltsv:-4, Current iteration: 50/1000,  L: 77.441375, cost: 9.743187, cost_chiquare:7.144815, cost_l1:0.004048, cost_ltsv:0.002149
2019-09-05 15:48:43,127 INFO mfista_func_healpix :l1:-5, ltsv:-4, Current iteration: 100/1000,  L: 2.505165, cost: 0.031580, cost_chiquare:0.031185, cost_l1:0.001027, cost_ltsv:0.000408
2019-09-05 15:48:52,323 INFO mfista_func_healpix :l1:-5, ltsv:-4, Current iteration: 150/1000,  L: 2.070385, cost: 0.031042, cost_chiquare:0.029699, cost_l1:0.001131, cost_ltsv:0.000287
2019-09-05 15:48:55,290 INFO cv :6/10, l1: -5/-3, ltsv: -4/-2. elapsed time: 25.694361
2019-09-05 15:48:55,870 INFO mfista_func_healpix :l1:-5, ltsv:-4, Current iteration: 0/1000,  L: 9090.909091, cost: 4116.536592, cost_chiquare:4116.242089, cost_l1:0.030711, cost_ltsv:0.000000
2019-09-05 15:49:02,014 INFO mfista_func_healpix :l1:-5, ltsv:-4, Current iteration: 50/1000,  L: 77.441375, cost: 9.745332, cost_chiquare:7.153616, cost_l1:0.004046, cost_ltsv:0.002149
2019-09-05 15:49:09,463 INFO mfista_func_healpix :l1:-5, ltsv:-4, Current iteration: 100/1000,  L: 2.505165, cost: 0.031521, cost_chiquare:0.031680, cost_l1:0.001021, cost_ltsv:0.000400
2019-09-05 15:49:18,958 INFO mfista_func_healpix :l1:-5, ltsv:-4, Current iteration: 150/1000,  L: 2.070385, cost: 0.031073, cost_chiquare:0.029729, cost_l1:0.001133, cost_ltsv:0.000290
2019-09-05 15:49:21,586 INFO cv :7/10, l1: -5/-3, ltsv: -4/-2. elapsed time: 25.880864
2019-09-05 15:49:22,147 INFO mfista_func_healpix :l1:-5, ltsv:-4, Current iteration: 0/1000,  L: 9090.909091, cost: 4117.110161, cost_chiquare:4116.815539, cost_l1:0.030711, cost_ltsv:0.000000
2019-09-05 15:49:28,437 INFO mfista_func_healpix :l1:-5, ltsv:-4, Current iteration: 50/1000,  L: 77.441375, cost: 9.738506, cost_chiquare:7.148861, cost_l1:0.004060, cost_ltsv:0.002156
2019-09-05 15:49:35,523 INFO mfista_func_healpix :l1:-5, ltsv:-4, Current iteration: 100/1000,  L: 2.755682, cost: 0.031906, cost_chiquare:0.031857, cost_l1:0.001050, cost_ltsv:0.000407
2019-09-05 15:49:44,900 INFO mfista_func_healpix :l1:-5, ltsv:-4, Current iteration: 150/1000,  L: 2.277423, cost: 0.031440, cost_chiquare:0.030085, cost_l1:0.001136, cost_ltsv:0.000291
2019-09-05 15:49:47,523 INFO cv :8/10, l1: -5/-3, ltsv: -4/-2. elapsed time: 25.555693
2019-09-05 15:49:48,024 INFO mfista_func_healpix :l1:-5, ltsv:-4, Current iteration: 0/1000,  L: 9090.909091, cost: 4116.942863, cost_chiquare:4116.648286, cost_l1:0.030711, cost_ltsv:0.000000
2019-09-05 15:49:53,953 INFO mfista_func_healpix :l1:-5, ltsv:-4, Current iteration: 50/1000,  L: 77.441375, cost: 9.740454, cost_chiquare:7.147113, cost_l1:0.004054, cost_ltsv:0.002155
2019-09-05 15:50:00,956 INFO mfista_func_healpix :l1:-5, ltsv:-4, Current iteration: 100/1000,  L: 2.505165, cost: 0.031360, cost_chiquare:0.031395, cost_l1:0.001021, cost_ltsv:0.000400
2019-09-05 15:50:08,050 INFO mfista_func_healpix :l1:-5, ltsv:-4, Current iteration: 150/1000,  L: 2.070385, cost: 0.030993, cost_chiquare:0.029643, cost_l1:0.001137, cost_ltsv:0.000293
2019-09-05 15:50:09,408 INFO cv :9/10, l1: -5/-3, ltsv: -4/-2. elapsed time: 21.563200
2019-09-05 15:50:09,515 INFO mfista_func_healpix :l1:-5, ltsv:-4, Current iteration: 0/1000,  L: 9090.909091, cost: 4573.893119, cost_chiquare:4573.536753, cost_l1:0.030710, cost_ltsv:0.000000
2019-09-05 15:50:12,827 INFO mfista_func_healpix :l1:-5, ltsv:-4, Current iteration: 50/1000,  L: 77.441375, cost: 8.306206, cost_chiquare:6.212593, cost_l1:0.003781, cost_ltsv:0.002114
2019-09-05 15:50:16,754 INFO mfista_func_healpix :l1:-5, ltsv:-4, Current iteration: 100/1000,  L: 2.755682, cost: 0.035226, cost_chiquare:0.034823, cost_l1:0.001014, cost_ltsv:0.000388
2019-09-05 15:50:22,283 INFO mfista_func_healpix :l1:-5, ltsv:-4, Current iteration: 150/1000,  L: 2.505165, cost: 0.034560, cost_chiquare:0.033177, cost_l1:0.001134, cost_ltsv:0.000299
2019-09-05 15:50:24,111 INFO cv :l1: -5/-3, ltsv: -4/-2, chi:3.259808e-02, l1:1.117689e-03, ltsv:2.970895e-04
2019-09-05 15:50:24,413 INFO mfista_func_healpix :l1:-5, ltsv:-3, Current iteration: 0/1000,  L: 9090.909091, cost: 4116.935271, cost_chiquare:4116.640790, cost_l1:0.030711, cost_ltsv:0.000000
2019-09-05 15:50:27,948 INFO mfista_func_healpix :l1:-5, ltsv:-3, Current iteration: 50/1000,  L: 77.441375, cost: 9.701486, cost_chiquare:7.092011, cost_l1:0.004047, cost_ltsv:0.021561
2019-09-05 15:50:31,915 INFO mfista_func_healpix :l1:-5, ltsv:-3, Current iteration: 100/1000,  L: 2.070385, cost: 0.035166, cost_chiquare:0.031989, cost_l1:0.001026, cost_ltsv:0.003253
2019-09-05 15:50:37,387 INFO mfista_func_healpix :l1:-5, ltsv:-3, Current iteration: 150/1000,  L: 2.070385, cost: 0.032201, cost_chiquare:0.029953, cost_l1:0.001140, cost_ltsv:0.001163
2019-09-05 15:50:42,415 INFO mfista_func_healpix :l1:-5, ltsv:-3, Current iteration: 200/1000,  L: 2.277423, cost: 0.030941, cost_chiquare:0.029068, cost_l1:0.001057, cost_ltsv:0.000800
2019-09-05 15:50:47,535 INFO mfista_func_healpix :l1:-5, ltsv:-3, Current iteration: 250/1000,  L: 2.277423, cost: 0.030511, cost_chiquare:0.028846, cost_l1:0.001080, cost_ltsv:0.000584
2019-09-05 15:50:52,390 INFO mfista_func_healpix :l1:-5, ltsv:-3, Current iteration: 300/1000,  L: 2.070385, cost: 0.030452, cost_chiquare:0.028861, cost_l1:0.001084, cost_ltsv:0.000508
2019-09-05 15:50:57,375 INFO mfista_func_healpix :l1:-5, ltsv:-3, Current iteration: 350/1000,  L: 2.277423, cost: 0.030429, cost_chiquare:0.028890, cost_l1:0.001074, cost_ltsv:0.000465
2019-09-05 15:51:02,526 INFO mfista_func_healpix :l1:-5, ltsv:-3, Current iteration: 400/1000,  L: 2.070385, cost: 0.030393, cost_chiquare:0.028867, cost_l1:0.001079, cost_ltsv:0.000446
2019-09-05 15:51:07,614 INFO mfista_func_healpix :l1:-5, ltsv:-3, Current iteration: 450/1000,  L: 2.277423, cost: 0.030385, cost_chiquare:0.028867, cost_l1:0.001079, cost_ltsv:0.000438
2019-09-05 15:51:08,959 INFO cv :0/10, l1: -5/-3, ltsv: -3/-2. elapsed time: 44.631701
2019-09-05 15:51:09,254 INFO mfista_func_healpix :l1:-5, ltsv:-3, Current iteration: 0/1000,  L: 9090.909091, cost: 4116.802977, cost_chiquare:4116.508511, cost_l1:0.030711, cost_ltsv:0.000000
2019-09-05 15:51:12,675 INFO mfista_func_healpix :l1:-5, ltsv:-3, Current iteration: 50/1000,  L: 77.441375, cost: 9.778974, cost_chiquare:7.171080, cost_l1:0.004042, cost_ltsv:0.021345
2019-09-05 15:51:16,370 INFO mfista_func_healpix :l1:-5, ltsv:-3, Current iteration: 100/1000,  L: 2.070385, cost: 0.035097, cost_chiquare:0.032053, cost_l1:0.001028, cost_ltsv:0.003234
2019-09-05 15:51:21,897 INFO mfista_func_healpix :l1:-5, ltsv:-3, Current iteration: 150/1000,  L: 2.070385, cost: 0.032093, cost_chiquare:0.029861, cost_l1:0.001141, cost_ltsv:0.001166
2019-09-05 15:51:27,308 INFO mfista_func_healpix :l1:-5, ltsv:-3, Current iteration: 200/1000,  L: 2.505165, cost: 0.030845, cost_chiquare:0.028958, cost_l1:0.001056, cost_ltsv:0.000811
2019-09-05 15:51:32,270 INFO mfista_func_healpix :l1:-5, ltsv:-3, Current iteration: 250/1000,  L: 2.277423, cost: 0.030403, cost_chiquare:0.028731, cost_l1:0.001080, cost_ltsv:0.000590
2019-09-05 15:51:37,127 INFO mfista_func_healpix :l1:-5, ltsv:-3, Current iteration: 300/1000,  L: 2.277423, cost: 0.030346, cost_chiquare:0.028746, cost_l1:0.001085, cost_ltsv:0.000517
2019-09-05 15:51:42,033 INFO mfista_func_healpix :l1:-5, ltsv:-3, Current iteration: 350/1000,  L: 2.277423, cost: 0.030324, cost_chiquare:0.028774, cost_l1:0.001073, cost_ltsv:0.000476
2019-09-05 15:51:46,679 INFO mfista_func_healpix :l1:-5, ltsv:-3, Current iteration: 400/1000,  L: 1.882168, cost: 0.030288, cost_chiquare:0.028749, cost_l1:0.001079, cost_ltsv:0.000459
2019-09-05 15:51:51,427 INFO mfista_func_healpix :l1:-5, ltsv:-3, Current iteration: 450/1000,  L: 2.070385, cost: 0.030279, cost_chiquare:0.028749, cost_l1:0.001080, cost_ltsv:0.000451
2019-09-05 15:51:53,048 INFO cv :1/10, l1: -5/-3, ltsv: -3/-2. elapsed time: 43.891766
2019-09-05 15:51:53,348 INFO mfista_func_healpix :l1:-5, ltsv:-3, Current iteration: 0/1000,  L: 9090.909091, cost: 4116.887488, cost_chiquare:4116.593072, cost_l1:0.030711, cost_ltsv:0.000000
2019-09-05 15:51:56,438 INFO mfista_func_healpix :l1:-5, ltsv:-3, Current iteration: 50/1000,  L: 77.441375, cost: 9.722535, cost_chiquare:7.114826, cost_l1:0.004039, cost_ltsv:0.021454
2019-09-05 15:51:59,935 INFO mfista_func_healpix :l1:-5, ltsv:-3, Current iteration: 100/1000,  L: 2.070385, cost: 0.035190, cost_chiquare:0.032091, cost_l1:0.001025, cost_ltsv:0.003209
2019-09-05 15:52:04,723 INFO mfista_func_healpix :l1:-5, ltsv:-3, Current iteration: 150/1000,  L: 2.070385, cost: 0.032302, cost_chiquare:0.030060, cost_l1:0.001144, cost_ltsv:0.001172
2019-09-05 15:52:09,450 INFO mfista_func_healpix :l1:-5, ltsv:-3, Current iteration: 200/1000,  L: 2.277423, cost: 0.030998, cost_chiquare:0.029109, cost_l1:0.001058, cost_ltsv:0.000812
2019-09-05 15:52:14,247 INFO mfista_func_healpix :l1:-5, ltsv:-3, Current iteration: 250/1000,  L: 2.277423, cost: 0.030556, cost_chiquare:0.028882, cost_l1:0.001080, cost_ltsv:0.000592
2019-09-05 15:52:19,007 INFO mfista_func_healpix :l1:-5, ltsv:-3, Current iteration: 300/1000,  L: 2.070385, cost: 0.030501, cost_chiquare:0.028895, cost_l1:0.001086, cost_ltsv:0.000522
2019-09-05 15:52:23,831 INFO mfista_func_healpix :l1:-5, ltsv:-3, Current iteration: 350/1000,  L: 2.070385, cost: 0.030476, cost_chiquare:0.028923, cost_l1:0.001074, cost_ltsv:0.000478
2019-09-05 15:52:28,668 INFO mfista_func_healpix :l1:-5, ltsv:-3, Current iteration: 400/1000,  L: 2.070385, cost: 0.030441, cost_chiquare:0.028901, cost_l1:0.001080, cost_ltsv:0.000458
2019-09-05 15:52:33,576 INFO mfista_func_healpix :l1:-5, ltsv:-3, Current iteration: 450/1000,  L: 2.070385, cost: 0.030432, cost_chiquare:0.028902, cost_l1:0.001081, cost_ltsv:0.000450
2019-09-05 15:52:35,143 INFO cv :2/10, l1: -5/-3, ltsv: -3/-2. elapsed time: 41.882377
2019-09-05 15:52:35,429 INFO mfista_func_healpix :l1:-5, ltsv:-3, Current iteration: 0/1000,  L: 9090.909091, cost: 4116.264086, cost_chiquare:4115.969357, cost_l1:0.030711, cost_ltsv:0.000000
2019-09-05 15:52:38,569 INFO mfista_func_healpix :l1:-5, ltsv:-3, Current iteration: 50/1000,  L: 77.441375, cost: 9.903228, cost_chiquare:7.286419, cost_l1:0.004065, cost_ltsv:0.021412
2019-09-05 15:52:42,214 INFO mfista_func_healpix :l1:-5, ltsv:-3, Current iteration: 100/1000,  L: 2.277423, cost: 0.035118, cost_chiquare:0.032455, cost_l1:0.001001, cost_ltsv:0.003254
2019-09-05 15:52:47,022 INFO mfista_func_healpix :l1:-5, ltsv:-3, Current iteration: 150/1000,  L: 2.070385, cost: 0.032253, cost_chiquare:0.029991, cost_l1:0.001139, cost_ltsv:0.001175
2019-09-05 15:52:51,892 INFO mfista_func_healpix :l1:-5, ltsv:-3, Current iteration: 200/1000,  L: 2.277423, cost: 0.030958, cost_chiquare:0.029090, cost_l1:0.001054, cost_ltsv:0.000798
2019-09-05 15:52:56,695 INFO mfista_func_healpix :l1:-5, ltsv:-3, Current iteration: 250/1000,  L: 2.505165, cost: 0.030502, cost_chiquare:0.028841, cost_l1:0.001081, cost_ltsv:0.000577
2019-09-05 15:53:01,463 INFO mfista_func_healpix :l1:-5, ltsv:-3, Current iteration: 300/1000,  L: 2.277423, cost: 0.030447, cost_chiquare:0.028857, cost_l1:0.001086, cost_ltsv:0.000506
2019-09-05 15:53:06,448 INFO mfista_func_healpix :l1:-5, ltsv:-3, Current iteration: 350/1000,  L: 2.277423, cost: 0.030425, cost_chiquare:0.028886, cost_l1:0.001074, cost_ltsv:0.000464
2019-09-05 15:53:11,178 INFO mfista_func_healpix :l1:-5, ltsv:-3, Current iteration: 400/1000,  L: 2.070385, cost: 0.030388, cost_chiquare:0.028861, cost_l1:0.001081, cost_ltsv:0.000446
2019-09-05 15:53:16,198 INFO mfista_func_healpix :l1:-5, ltsv:-3, Current iteration: 450/1000,  L: 2.277423, cost: 0.030379, cost_chiquare:0.028862, cost_l1:0.001081, cost_ltsv:0.000437
2019-09-05 15:53:17,699 INFO cv :3/10, l1: -5/-3, ltsv: -3/-2. elapsed time: 42.376696
2019-09-05 15:53:17,974 INFO mfista_func_healpix :l1:-5, ltsv:-3, Current iteration: 0/1000,  L: 9090.909091, cost: 4117.431184, cost_chiquare:4117.136708, cost_l1:0.030711, cost_ltsv:0.000000
2019-09-05 15:53:20,955 INFO mfista_func_healpix :l1:-5, ltsv:-3, Current iteration: 50/1000,  L: 77.441375, cost: 9.725589, cost_chiquare:7.123786, cost_l1:0.004046, cost_ltsv:0.021477
2019-09-05 15:53:24,541 INFO mfista_func_healpix :l1:-5, ltsv:-3, Current iteration: 100/1000,  L: 2.070385, cost: 0.034980, cost_chiquare:0.031925, cost_l1:0.001027, cost_ltsv:0.003243
2019-09-05 15:53:29,559 INFO mfista_func_healpix :l1:-5, ltsv:-3, Current iteration: 150/1000,  L: 2.277423, cost: 0.032021, cost_chiquare:0.029759, cost_l1:0.001144, cost_ltsv:0.001177
2019-09-05 15:53:34,456 INFO mfista_func_healpix :l1:-5, ltsv:-3, Current iteration: 200/1000,  L: 2.277423, cost: 0.030748, cost_chiquare:0.028864, cost_l1:0.001058, cost_ltsv:0.000809
2019-09-05 15:53:39,407 INFO mfista_func_healpix :l1:-5, ltsv:-3, Current iteration: 250/1000,  L: 2.277423, cost: 0.030299, cost_chiquare:0.028631, cost_l1:0.001081, cost_ltsv:0.000585
2019-09-05 15:53:44,287 INFO mfista_func_healpix :l1:-5, ltsv:-3, Current iteration: 300/1000,  L: 2.070385, cost: 0.030242, cost_chiquare:0.028642, cost_l1:0.001086, cost_ltsv:0.000515
2019-09-05 15:53:49,442 INFO mfista_func_healpix :l1:-5, ltsv:-3, Current iteration: 350/1000,  L: 2.070385, cost: 0.030218, cost_chiquare:0.028670, cost_l1:0.001075, cost_ltsv:0.000473
2019-09-05 15:53:54,403 INFO mfista_func_healpix :l1:-5, ltsv:-3, Current iteration: 400/1000,  L: 2.070385, cost: 0.030182, cost_chiquare:0.028647, cost_l1:0.001081, cost_ltsv:0.000454
2019-09-05 15:53:59,442 INFO mfista_func_healpix :l1:-5, ltsv:-3, Current iteration: 450/1000,  L: 2.070385, cost: 0.030174, cost_chiquare:0.028648, cost_l1:0.001081, cost_ltsv:0.000445
2019-09-05 15:54:04,231 INFO mfista_func_healpix :l1:-5, ltsv:-3, Current iteration: 500/1000,  L: 1.882168, cost: 0.030168, cost_chiquare:0.028663, cost_l1:0.001078, cost_ltsv:0.000427
2019-09-05 15:54:08,958 INFO mfista_func_healpix :l1:-5, ltsv:-3, Current iteration: 550/1000,  L: 2.070385, cost: 0.030161, cost_chiquare:0.028656, cost_l1:0.001080, cost_ltsv:0.000426
2019-09-05 15:54:10,084 INFO cv :4/10, l1: -5/-3, ltsv: -3/-2. elapsed time: 52.209608
2019-09-05 15:54:10,370 INFO mfista_func_healpix :l1:-5, ltsv:-3, Current iteration: 0/1000,  L: 9090.909091, cost: 4116.742052, cost_chiquare:4116.447523, cost_l1:0.030711, cost_ltsv:0.000000
2019-09-05 15:54:13,407 INFO mfista_func_healpix :l1:-5, ltsv:-3, Current iteration: 50/1000,  L: 77.441375, cost: 9.684818, cost_chiquare:7.072323, cost_l1:0.004051, cost_ltsv:0.021673
2019-09-05 15:54:16,828 INFO mfista_func_healpix :l1:-5, ltsv:-3, Current iteration: 100/1000,  L: 2.277423, cost: 0.035363, cost_chiquare:0.032387, cost_l1:0.001028, cost_ltsv:0.003251
2019-09-05 15:54:21,520 INFO mfista_func_healpix :l1:-5, ltsv:-3, Current iteration: 150/1000,  L: 2.070385, cost: 0.032454, cost_chiquare:0.030210, cost_l1:0.001145, cost_ltsv:0.001172
2019-09-05 15:54:26,624 INFO mfista_func_healpix :l1:-5, ltsv:-3, Current iteration: 200/1000,  L: 2.277423, cost: 0.031157, cost_chiquare:0.029261, cost_l1:0.001059, cost_ltsv:0.000819
2019-09-05 15:54:31,411 INFO mfista_func_healpix :l1:-5, ltsv:-3, Current iteration: 250/1000,  L: 2.505165, cost: 0.030708, cost_chiquare:0.029027, cost_l1:0.001081, cost_ltsv:0.000598
2019-09-05 15:54:36,201 INFO mfista_func_healpix :l1:-5, ltsv:-3, Current iteration: 300/1000,  L: 2.277423, cost: 0.030654, cost_chiquare:0.029041, cost_l1:0.001087, cost_ltsv:0.000526
2019-09-05 15:54:41,080 INFO mfista_func_healpix :l1:-5, ltsv:-3, Current iteration: 350/1000,  L: 2.277423, cost: 0.030628, cost_chiquare:0.029070, cost_l1:0.001076, cost_ltsv:0.000482
2019-09-05 15:54:46,021 INFO mfista_func_healpix :l1:-5, ltsv:-3, Current iteration: 400/1000,  L: 2.277423, cost: 0.030592, cost_chiquare:0.029049, cost_l1:0.001081, cost_ltsv:0.000461
2019-09-05 15:54:50,926 INFO mfista_func_healpix :l1:-5, ltsv:-3, Current iteration: 450/1000,  L: 2.070385, cost: 0.030584, cost_chiquare:0.029048, cost_l1:0.001082, cost_ltsv:0.000454
2019-09-05 15:54:52,401 INFO cv :5/10, l1: -5/-3, ltsv: -3/-2. elapsed time: 42.137796
2019-09-05 15:54:52,678 INFO mfista_func_healpix :l1:-5, ltsv:-3, Current iteration: 0/1000,  L: 9090.909091, cost: 4116.715706, cost_chiquare:4116.421289, cost_l1:0.030711, cost_ltsv:0.000000
2019-09-05 15:54:55,891 INFO mfista_func_healpix :l1:-5, ltsv:-3, Current iteration: 50/1000,  L: 77.441375, cost: 9.730790, cost_chiquare:7.124830, cost_l1:0.004040, cost_ltsv:0.021440
2019-09-05 15:54:59,493 INFO mfista_func_healpix :l1:-5, ltsv:-3, Current iteration: 100/1000,  L: 2.070385, cost: 0.035364, cost_chiquare:0.032773, cost_l1:0.001028, cost_ltsv:0.003232
2019-09-05 15:55:04,505 INFO mfista_func_healpix :l1:-5, ltsv:-3, Current iteration: 150/1000,  L: 2.070385, cost: 0.032348, cost_chiquare:0.030112, cost_l1:0.001143, cost_ltsv:0.001161
2019-09-05 15:55:09,590 INFO mfista_func_healpix :l1:-5, ltsv:-3, Current iteration: 200/1000,  L: 2.505165, cost: 0.031066, cost_chiquare:0.029184, cost_l1:0.001058, cost_ltsv:0.000804
2019-09-05 15:55:14,517 INFO mfista_func_healpix :l1:-5, ltsv:-3, Current iteration: 250/1000,  L: 2.505165, cost: 0.030624, cost_chiquare:0.028963, cost_l1:0.001080, cost_ltsv:0.000580
2019-09-05 15:55:19,425 INFO mfista_func_healpix :l1:-5, ltsv:-3, Current iteration: 300/1000,  L: 2.277423, cost: 0.030568, cost_chiquare:0.028974, cost_l1:0.001086, cost_ltsv:0.000510
2019-09-05 15:55:24,352 INFO mfista_func_healpix :l1:-5, ltsv:-3, Current iteration: 350/1000,  L: 2.277423, cost: 0.030544, cost_chiquare:0.029000, cost_l1:0.001075, cost_ltsv:0.000469
2019-09-05 15:55:29,222 INFO mfista_func_healpix :l1:-5, ltsv:-3, Current iteration: 400/1000,  L: 2.070385, cost: 0.030508, cost_chiquare:0.028977, cost_l1:0.001080, cost_ltsv:0.000450
2019-09-05 15:55:34,235 INFO mfista_func_healpix :l1:-5, ltsv:-3, Current iteration: 450/1000,  L: 2.070385, cost: 0.030499, cost_chiquare:0.028977, cost_l1:0.001081, cost_ltsv:0.000442
2019-09-05 15:55:35,819 INFO cv :6/10, l1: -5/-3, ltsv: -3/-2. elapsed time: 43.243289
2019-09-05 15:55:36,097 INFO mfista_func_healpix :l1:-5, ltsv:-3, Current iteration: 0/1000,  L: 9090.909091, cost: 4116.722304, cost_chiquare:4116.427829, cost_l1:0.030711, cost_ltsv:0.000000
2019-09-05 15:55:39,338 INFO mfista_func_healpix :l1:-5, ltsv:-3, Current iteration: 50/1000,  L: 77.441375, cost: 9.705300, cost_chiquare:7.092850, cost_l1:0.004044, cost_ltsv:0.021547
2019-09-05 15:55:42,915 INFO mfista_func_healpix :l1:-5, ltsv:-3, Current iteration: 100/1000,  L: 2.277423, cost: 0.035124, cost_chiquare:0.032529, cost_l1:0.001026, cost_ltsv:0.003189
2019-09-05 15:55:47,643 INFO mfista_func_healpix :l1:-5, ltsv:-3, Current iteration: 150/1000,  L: 2.277423, cost: 0.032317, cost_chiquare:0.030059, cost_l1:0.001144, cost_ltsv:0.001174
2019-09-05 15:55:52,505 INFO mfista_func_healpix :l1:-5, ltsv:-3, Current iteration: 200/1000,  L: 2.505165, cost: 0.030962, cost_chiquare:0.029091, cost_l1:0.001057, cost_ltsv:0.000795
2019-09-05 15:55:57,347 INFO mfista_func_healpix :l1:-5, ltsv:-3, Current iteration: 250/1000,  L: 2.277423, cost: 0.030519, cost_chiquare:0.028863, cost_l1:0.001080, cost_ltsv:0.000576
2019-09-05 15:56:02,241 INFO mfista_func_healpix :l1:-5, ltsv:-3, Current iteration: 300/1000,  L: 2.070385, cost: 0.030465, cost_chiquare:0.028874, cost_l1:0.001085, cost_ltsv:0.000507
2019-09-05 15:56:07,107 INFO mfista_func_healpix :l1:-5, ltsv:-3, Current iteration: 350/1000,  L: 2.070385, cost: 0.030440, cost_chiquare:0.028902, cost_l1:0.001074, cost_ltsv:0.000463
2019-09-05 15:56:12,104 INFO mfista_func_healpix :l1:-5, ltsv:-3, Current iteration: 400/1000,  L: 2.070385, cost: 0.030403, cost_chiquare:0.028880, cost_l1:0.001080, cost_ltsv:0.000443
2019-09-05 15:56:17,068 INFO mfista_func_healpix :l1:-5, ltsv:-3, Current iteration: 450/1000,  L: 2.070385, cost: 0.030396, cost_chiquare:0.028880, cost_l1:0.001080, cost_ltsv:0.000435
2019-09-05 15:56:18,487 INFO cv :7/10, l1: -5/-3, ltsv: -3/-2. elapsed time: 42.484341
2019-09-05 15:56:18,769 INFO mfista_func_healpix :l1:-5, ltsv:-3, Current iteration: 0/1000,  L: 9090.909091, cost: 4116.694262, cost_chiquare:4116.399790, cost_l1:0.030711, cost_ltsv:0.000000
2019-09-05 15:56:21,944 INFO mfista_func_healpix :l1:-5, ltsv:-3, Current iteration: 50/1000,  L: 77.441375, cost: 9.731265, cost_chiquare:7.122834, cost_l1:0.004047, cost_ltsv:0.021465
2019-09-05 15:56:25,601 INFO mfista_func_healpix :l1:-5, ltsv:-3, Current iteration: 100/1000,  L: 2.070385, cost: 0.035184, cost_chiquare:0.032794, cost_l1:0.001030, cost_ltsv:0.003243
2019-09-05 15:56:30,488 INFO mfista_func_healpix :l1:-5, ltsv:-3, Current iteration: 150/1000,  L: 2.277423, cost: 0.032175, cost_chiquare:0.029911, cost_l1:0.001142, cost_ltsv:0.001167
2019-09-05 15:56:35,254 INFO mfista_func_healpix :l1:-5, ltsv:-3, Current iteration: 200/1000,  L: 2.505165, cost: 0.030877, cost_chiquare:0.028994, cost_l1:0.001058, cost_ltsv:0.000806
2019-09-05 15:56:40,063 INFO mfista_func_healpix :l1:-5, ltsv:-3, Current iteration: 250/1000,  L: 2.277423, cost: 0.030446, cost_chiquare:0.028774, cost_l1:0.001080, cost_ltsv:0.000590
2019-09-05 15:56:44,994 INFO mfista_func_healpix :l1:-5, ltsv:-3, Current iteration: 300/1000,  L: 2.277423, cost: 0.030391, cost_chiquare:0.028789, cost_l1:0.001086, cost_ltsv:0.000517
2019-09-05 15:56:49,909 INFO mfista_func_healpix :l1:-5, ltsv:-3, Current iteration: 350/1000,  L: 2.277423, cost: 0.030367, cost_chiquare:0.028820, cost_l1:0.001075, cost_ltsv:0.000472
2019-09-05 15:56:54,461 INFO mfista_func_healpix :l1:-5, ltsv:-3, Current iteration: 400/1000,  L: 2.277423, cost: 0.030331, cost_chiquare:0.028797, cost_l1:0.001080, cost_ltsv:0.000452
2019-09-05 15:56:59,215 INFO mfista_func_healpix :l1:-5, ltsv:-3, Current iteration: 450/1000,  L: 2.070385, cost: 0.030322, cost_chiquare:0.028796, cost_l1:0.001081, cost_ltsv:0.000446
2019-09-05 15:57:00,758 INFO cv :8/10, l1: -5/-3, ltsv: -3/-2. elapsed time: 42.093770
2019-09-05 15:57:01,023 INFO mfista_func_healpix :l1:-5, ltsv:-3, Current iteration: 0/1000,  L: 9090.909091, cost: 4116.803632, cost_chiquare:4116.508987, cost_l1:0.030711, cost_ltsv:0.000000
2019-09-05 15:57:04,141 INFO mfista_func_healpix :l1:-5, ltsv:-3, Current iteration: 50/1000,  L: 77.441375, cost: 9.780890, cost_chiquare:7.164377, cost_l1:0.004059, cost_ltsv:0.021590
2019-09-05 15:57:07,637 INFO mfista_func_healpix :l1:-5, ltsv:-3, Current iteration: 100/1000,  L: 2.505165, cost: 0.035510, cost_chiquare:0.032989, cost_l1:0.001031, cost_ltsv:0.003252
2019-09-05 15:57:12,136 INFO mfista_func_healpix :l1:-5, ltsv:-3, Current iteration: 150/1000,  L: 2.070385, cost: 0.032644, cost_chiquare:0.030383, cost_l1:0.001142, cost_ltsv:0.001171
2019-09-05 15:57:17,406 INFO mfista_func_healpix :l1:-5, ltsv:-3, Current iteration: 200/1000,  L: 2.277423, cost: 0.031357, cost_chiquare:0.029483, cost_l1:0.001056, cost_ltsv:0.000801
2019-09-05 15:57:22,510 INFO mfista_func_healpix :l1:-5, ltsv:-3, Current iteration: 250/1000,  L: 2.505165, cost: 0.030909, cost_chiquare:0.029243, cost_l1:0.001080, cost_ltsv:0.000584
2019-09-05 15:57:27,614 INFO mfista_func_healpix :l1:-5, ltsv:-3, Current iteration: 300/1000,  L: 2.070385, cost: 0.030853, cost_chiquare:0.029256, cost_l1:0.001085, cost_ltsv:0.000513
2019-09-05 15:57:32,622 INFO mfista_func_healpix :l1:-5, ltsv:-3, Current iteration: 350/1000,  L: 2.277423, cost: 0.030829, cost_chiquare:0.029285, cost_l1:0.001073, cost_ltsv:0.000471
2019-09-05 15:57:37,350 INFO mfista_func_healpix :l1:-5, ltsv:-3, Current iteration: 400/1000,  L: 2.070385, cost: 0.030793, cost_chiquare:0.029260, cost_l1:0.001079, cost_ltsv:0.000453
2019-09-05 15:57:42,373 INFO mfista_func_healpix :l1:-5, ltsv:-3, Current iteration: 450/1000,  L: 2.277423, cost: 0.030784, cost_chiquare:0.029261, cost_l1:0.001080, cost_ltsv:0.000444
2019-09-05 15:57:44,257 INFO cv :9/10, l1: -5/-3, ltsv: -3/-2. elapsed time: 43.320896
2019-09-05 15:57:44,382 INFO mfista_func_healpix :l1:-5, ltsv:-3, Current iteration: 0/1000,  L: 9090.909091, cost: 4573.893119, cost_chiquare:4573.536753, cost_l1:0.030710, cost_ltsv:0.000000
2019-09-05 15:57:47,997 INFO mfista_func_healpix :l1:-5, ltsv:-3, Current iteration: 50/1000,  L: 77.441375, cost: 8.322483, cost_chiquare:6.210789, cost_l1:0.003781, cost_ltsv:0.021131
2019-09-05 15:57:52,029 INFO mfista_func_healpix :l1:-5, ltsv:-3, Current iteration: 100/1000,  L: 2.755682, cost: 0.038747, cost_chiquare:0.036274, cost_l1:0.000991, cost_ltsv:0.003147
2019-09-05 15:57:57,244 INFO mfista_func_healpix :l1:-5, ltsv:-3, Current iteration: 150/1000,  L: 2.755682, cost: 0.035595, cost_chiquare:0.033285, cost_l1:0.001137, cost_ltsv:0.001204
2019-09-05 15:58:02,220 INFO mfista_func_healpix :l1:-5, ltsv:-3, Current iteration: 200/1000,  L: 2.505165, cost: 0.034222, cost_chiquare:0.032304, cost_l1:0.001058, cost_ltsv:0.000838
2019-09-05 15:58:07,274 INFO mfista_func_healpix :l1:-5, ltsv:-3, Current iteration: 250/1000,  L: 2.755682, cost: 0.033782, cost_chiquare:0.032083, cost_l1:0.001079, cost_ltsv:0.000619
2019-09-05 15:58:12,368 INFO mfista_func_healpix :l1:-5, ltsv:-3, Current iteration: 300/1000,  L: 2.277423, cost: 0.033713, cost_chiquare:0.032091, cost_l1:0.001086, cost_ltsv:0.000538
2019-09-05 15:58:17,776 INFO mfista_func_healpix :l1:-5, ltsv:-3, Current iteration: 350/1000,  L: 2.505165, cost: 0.033688, cost_chiquare:0.032122, cost_l1:0.001075, cost_ltsv:0.000491
2019-09-05 15:58:23,091 INFO mfista_func_healpix :l1:-5, ltsv:-3, Current iteration: 400/1000,  L: 2.277423, cost: 0.033654, cost_chiquare:0.032099, cost_l1:0.001080, cost_ltsv:0.000475
2019-09-05 15:58:28,306 INFO mfista_func_healpix :l1:-5, ltsv:-3, Current iteration: 450/1000,  L: 2.277423, cost: 0.033640, cost_chiquare:0.032093, cost_l1:0.001081, cost_ltsv:0.000465
2019-09-05 15:58:33,288 INFO mfista_func_healpix :l1:-5, ltsv:-3, Current iteration: 500/1000,  L: 2.505165, cost: 0.033637, cost_chiquare:0.032111, cost_l1:0.001078, cost_ltsv:0.000448
2019-09-05 15:58:38,457 INFO mfista_func_healpix :l1:-5, ltsv:-3, Current iteration: 550/1000,  L: 2.277423, cost: 0.033628, cost_chiquare:0.032111, cost_l1:0.001080, cost_ltsv:0.000437
2019-09-05 15:58:42,521 INFO cv :l1: -5/-3, ltsv: -3/-2, chi:3.210461e-02, l1:1.079036e-03, ltsv:4.441341e-04
2019-09-05 15:58:42,847 INFO mfista_func_healpix :l1:-5, ltsv:-2, Current iteration: 0/1000,  L: 9090.909091, cost: 4116.787461, cost_chiquare:4116.493024, cost_l1:0.030711, cost_ltsv:0.000000
2019-09-05 15:58:45,844 INFO mfista_func_healpix :l1:-5, ltsv:-2, Current iteration: 50/1000,  L: 77.441375, cost: 9.856056, cost_chiquare:7.067633, cost_l1:0.004038, cost_ltsv:0.214531
2019-09-05 15:58:49,271 INFO mfista_func_healpix :l1:-5, ltsv:-2, Current iteration: 100/1000,  L: 2.277423, cost: 0.045127, cost_chiquare:0.041597, cost_l1:0.000919, cost_ltsv:0.005974
2019-09-05 15:58:54,159 INFO mfista_func_healpix :l1:-5, ltsv:-2, Current iteration: 150/1000,  L: 2.505165, cost: 0.034407, cost_chiquare:0.030077, cost_l1:0.001117, cost_ltsv:0.003111
2019-09-05 15:58:59,093 INFO mfista_func_healpix :l1:-5, ltsv:-2, Current iteration: 200/1000,  L: 2.277423, cost: 0.033104, cost_chiquare:0.029810, cost_l1:0.001078, cost_ltsv:0.002271
2019-09-05 15:59:01,076 INFO cv :0/10, l1: -5/-3, ltsv: -2/-2. elapsed time: 18.317624
2019-09-05 15:59:01,337 INFO mfista_func_healpix :l1:-5, ltsv:-2, Current iteration: 0/1000,  L: 9090.909091, cost: 4117.291360, cost_chiquare:4116.996890, cost_l1:0.030711, cost_ltsv:0.000000
2019-09-05 15:59:04,482 INFO mfista_func_healpix :l1:-5, ltsv:-2, Current iteration: 50/1000,  L: 77.441375, cost: 9.846283, cost_chiquare:7.054561, cost_l1:0.004042, cost_ltsv:0.214691
2019-09-05 15:59:08,118 INFO mfista_func_healpix :l1:-5, ltsv:-2, Current iteration: 100/1000,  L: 2.277423, cost: 0.045434, cost_chiquare:0.041078, cost_l1:0.000880, cost_ltsv:0.006203
2019-09-05 15:59:12,810 INFO mfista_func_healpix :l1:-5, ltsv:-2, Current iteration: 150/1000,  L: 2.505165, cost: 0.034546, cost_chiquare:0.030134, cost_l1:0.001114, cost_ltsv:0.003193
2019-09-05 15:59:17,593 INFO mfista_func_healpix :l1:-5, ltsv:-2, Current iteration: 200/1000,  L: 2.277423, cost: 0.033182, cost_chiquare:0.029848, cost_l1:0.001076, cost_ltsv:0.002307
2019-09-05 15:59:19,533 INFO cv :1/10, l1: -5/-3, ltsv: -2/-2. elapsed time: 18.277784
2019-09-05 15:59:19,798 INFO mfista_func_healpix :l1:-5, ltsv:-2, Current iteration: 0/1000,  L: 9090.909091, cost: 4116.780476, cost_chiquare:4116.486143, cost_l1:0.030711, cost_ltsv:0.000000
2019-09-05 15:59:22,913 INFO mfista_func_healpix :l1:-5, ltsv:-2, Current iteration: 50/1000,  L: 77.441375, cost: 9.863225, cost_chiquare:7.082742, cost_l1:0.004030, cost_ltsv:0.212745
2019-09-05 15:59:26,595 INFO mfista_func_healpix :l1:-5, ltsv:-2, Current iteration: 100/1000,  L: 2.505165, cost: 0.045332, cost_chiquare:0.039750, cost_l1:0.000911, cost_ltsv:0.006316
2019-09-05 15:59:31,491 INFO mfista_func_healpix :l1:-5, ltsv:-2, Current iteration: 150/1000,  L: 2.277423, cost: 0.034331, cost_chiquare:0.029990, cost_l1:0.001118, cost_ltsv:0.003121
2019-09-05 15:59:36,270 INFO mfista_func_healpix :l1:-5, ltsv:-2, Current iteration: 200/1000,  L: 2.277423, cost: 0.033022, cost_chiquare:0.029713, cost_l1:0.001079, cost_ltsv:0.002284
2019-09-05 15:59:38,243 INFO cv :2/10, l1: -5/-3, ltsv: -2/-2. elapsed time: 18.531381
2019-09-05 15:59:38,503 INFO mfista_func_healpix :l1:-5, ltsv:-2, Current iteration: 0/1000,  L: 9090.909091, cost: 4116.441231, cost_chiquare:4116.146667, cost_l1:0.030711, cost_ltsv:0.000000
2019-09-05 15:59:41,685 INFO mfista_func_healpix :l1:-5, ltsv:-2, Current iteration: 50/1000,  L: 77.441375, cost: 9.929317, cost_chiquare:7.131112, cost_l1:0.004048, cost_ltsv:0.214407
2019-09-05 15:59:45,289 INFO mfista_func_healpix :l1:-5, ltsv:-2, Current iteration: 100/1000,  L: 2.277423, cost: 0.044361, cost_chiquare:0.040386, cost_l1:0.000916, cost_ltsv:0.005744
2019-09-05 15:59:50,192 INFO mfista_func_healpix :l1:-5, ltsv:-2, Current iteration: 150/1000,  L: 2.277423, cost: 0.034043, cost_chiquare:0.029720, cost_l1:0.001116, cost_ltsv:0.003118
2019-09-05 15:59:55,207 INFO mfista_func_healpix :l1:-5, ltsv:-2, Current iteration: 200/1000,  L: 2.505165, cost: 0.032761, cost_chiquare:0.029455, cost_l1:0.001076, cost_ltsv:0.002279
2019-09-05 15:59:57,127 INFO cv :3/10, l1: -5/-3, ltsv: -2/-2. elapsed time: 18.707672
2019-09-05 15:59:57,397 INFO mfista_func_healpix :l1:-5, ltsv:-2, Current iteration: 0/1000,  L: 9090.909091, cost: 4117.001735, cost_chiquare:4116.707064, cost_l1:0.030711, cost_ltsv:0.000000
2019-09-05 16:00:00,357 INFO mfista_func_healpix :l1:-5, ltsv:-2, Current iteration: 50/1000,  L: 77.441375, cost: 9.985822, cost_chiquare:7.193032, cost_l1:0.004059, cost_ltsv:0.214287
2019-09-05 16:00:03,877 INFO mfista_func_healpix :l1:-5, ltsv:-2, Current iteration: 100/1000,  L: 2.277423, cost: 0.045787, cost_chiquare:0.040870, cost_l1:0.000879, cost_ltsv:0.006779
2019-09-05 16:00:08,821 INFO mfista_func_healpix :l1:-5, ltsv:-2, Current iteration: 150/1000,  L: 2.505165, cost: 0.034427, cost_chiquare:0.030033, cost_l1:0.001116, cost_ltsv:0.003165
